# JRE version: OpenJDK Runtime Environment Temurin-17.0.8+7 (17.0.8+7) (build 17.0.8+7)
# Java VM: OpenJDK 64-Bit Server VM Temurin-17.0.8+7 (17.0.8+7, mixed mode, tiered, compressed oops, compressed class ptrs, g1 gc, windows-amd64)
GC Precious Log:
 CPUs: 16 total, 16 available
 Memory: 7955M
 Large Page Support: Disabled
 NUMA Support: Disabled
 Compressed Oops: Enabled (32-bit)
 Heap Region Size: 1M
 Heap Min Capacity: 8M
 Heap Initial Capacity: 126M
 Heap Max Capacity: 1990M
 Pre-touch: Disabled
 Parallel Workers: 13
 Concurrent Workers: 3
 Concurrent Refinement Workers: 13
 Periodic GC: Disabled
Heap:
 garbage-first heap   total 129024K, used 53072K [0x0000000083a00000, 0x0000000100000000)
  region size 1024K, 1 young (1024K), 1 survivors (1024K)
 Metaspace       used 19777K, committed 20032K, reserved 1114112K
  class space    used 2015K, committed 2112K, reserved 1048576K
GC Heap History (15 events):
Event: 1.782 GC heap before
{Heap before GC invocations=0 (full 0):
 garbage-first heap   total 129024K, used 31744K [0x0000000083a00000, 0x0000000100000000)
  region size 1024K, 23 young (23552K), 0 survivors (0K)
 Metaspace       used 19162K, committed 19328K, reserved 1114112K
  class space    used 2010K, committed 2048K, reserved 1048576K
}
Event: 1.784 GC heap after
{Heap after GC invocations=1 (full 0):
 garbage-first heap   total 129024K, used 10004K [0x0000000083a00000, 0x0000000100000000)
  region size 1024K, 3 young (3072K), 3 survivors (3072K)
 Metaspace       used 19162K, committed 19328K, reserved 1114112K
  class space    used 2010K, committed 2048K, reserved 1048576K
}
Event: 7.468 GC heap before
{Heap before GC invocations=1 (full 0):
 garbage-first heap   total 129024K, used 61204K [0x0000000083a00000, 0x0000000100000000)
  region size 1024K, 6 young (6144K), 3 survivors (3072K)
 Metaspace       used 19578K, committed 19840K, reserved 1114112K
  class space    used 2015K, committed 2112K, reserved 1048576K
}
Event: 7.470 GC heap after
{Heap after GC invocations=2 (full 0):
 garbage-first heap   total 129024K, used 59624K [0x0000000083a00000, 0x0000000100000000)
  region size 1024K, 1 young (1024K), 1 survivors (1024K)
 Metaspace       used 19578K, committed 19840K, reserved 1114112K
  class space    used 2015K, committed 2112K, reserved 1048576K
}
Event: 7.481 GC heap before
{Heap before GC invocations=3 (full 0):
 garbage-first heap   total 129024K, used 63720K [0x0000000083a00000, 0x0000000100000000)
  region size 1024K, 2 young (2048K), 1 survivors (1024K)
 Metaspace       used 19578K, committed 19840K, reserved 1114112K
  class space    used 2015K, committed 2112K, reserved 1048576K
}
Event: 7.482 GC heap after
{Heap after GC invocations=4 (full 0):
 garbage-first heap   total 129024K, used 18342K [0x0000000083a00000, 0x0000000100000000)
  region size 1024K, 1 young (1024K), 1 survivors (1024K)
 Metaspace       used 19578K, committed 19840K, reserved 1114112K
  class space    used 2015K, committed 2112K, reserved 1048576K
}
Event: 7.562 GC heap before
{Heap before GC invocations=4 (full 0):
 garbage-first heap   total 129024K, used 57254K [0x0000000083a00000, 0x0000000100000000)
  region size 1024K, 4 young (4096K), 1 survivors (1024K)
 Metaspace       used 19650K, committed 19904K, reserved 1114112K
  class space    used 2015K, committed 2112K, reserved 1048576K
}
Event: 7.563 GC heap after
{Heap after GC invocations=5 (full 0):
 garbage-first heap   total 129024K, used 51039K [0x0000000083a00000, 0x0000000100000000)
  region size 1024K, 1 young (1024K), 1 survivors (1024K)
 Metaspace       used 19650K, committed 19904K, reserved 1114112K
  class space    used 2015K, committed 2112K, reserved 1048576K
}
Event: 7.569 GC heap before
{Heap before GC invocations=5 (full 0):
 garbage-first heap   total 129024K, used 55135K [0x0000000083a00000, 0x0000000100000000)
  region size 1024K, 2 young (2048K), 1 survivors (1024K)
 Metaspace       used 19655K, committed 19904K, reserved 1114112K
  class space    used 2015K, committed 2112K, reserved 1048576K
}
Event: 7.569 GC heap after
{Heap after GC invocations=6 (full 0):
 garbage-first heap   total 129024K, used 18253K [0x0000000083a00000, 0x0000000100000000)
  region size 1024K, 1 young (1024K), 1 survivors (1024K)
 Metaspace       used 19655K, committed 19904K, reserved 1114112K
  class space    used 2015K, committed 2112K, reserved 1048576K
}
Event: 7.666 GC heap before
{Heap before GC invocations=6 (full 0):
 garbage-first heap   total 129024K, used 56141K [0x0000000083a00000, 0x0000000100000000)
  region size 1024K, 3 young (3072K), 1 survivors (1024K)
 Metaspace       used 19720K, committed 19968K, reserved 1114112K
  class space    used 2015K, committed 2112K, reserved 1048576K
}
Event: 7.667 GC heap after
{Heap after GC invocations=7 (full 0):
 garbage-first heap   total 129024K, used 51024K [0x0000000083a00000, 0x0000000100000000)
  region size 1024K, 1 young (1024K), 1 survivors (1024K)
 Metaspace       used 19720K, committed 19968K, reserved 1114112K
  class space    used 2015K, committed 2112K, reserved 1048576K
}
Event: 7.674 GC heap before
{Heap before GC invocations=7 (full 0):
 garbage-first heap   total 129024K, used 55120K [0x0000000083a00000, 0x0000000100000000)
  region size 1024K, 2 young (2048K), 1 survivors (1024K)
 Metaspace       used 19725K, committed 19968K, reserved 1114112K
  class space    used 2015K, committed 2112K, reserved 1048576K
}
Event: 7.674 GC heap after
{Heap after GC invocations=8 (full 0):
 garbage-first heap   total 129024K, used 18252K [0x0000000083a00000, 0x0000000100000000)
  region size 1024K, 1 young (1024K), 1 survivors (1024K)
 Metaspace       used 19725K, committed 19968K, reserved 1114112K
  class space    used 2015K, committed 2112K, reserved 1048576K
}
Event: 7.747 GC heap before
{Heap before GC invocations=8 (full 0):
 garbage-first heap   total 129024K, used 58188K [0x0000000083a00000, 0x0000000100000000)
  region size 1024K, 3 young (3072K), 1 survivors (1024K)
 Metaspace       used 19777K, committed 20032K, reserved 1114112K
  class space    used 2015K, committed 2112K, reserved 1048576K
}

